<?xml version="1.0" encoding="UTF-8"?>
<!-- Generated by org.testng.reporters.JUnitReportReporter -->
<testsuite skipped="0" hostname="DESKTOP-GDISGSQ" name="com.EmpulseEAM.TestNG.VisitorEntryTest" tests="1" failures="0" timestamp="2023-01-28T23:37:41 IST" time="24.687" errors="0">
  <testcase name="visitorDetails" time="24.687" classname="com.EmpulseEAM.TestNG.VisitorEntryTest"/>
  <system-out/>
</testsuite> <!-- com.EmpulseEAM.TestNG.VisitorEntryTest -->
